build/app/intermediates/manifest_merge_blame_file/debug/manifest-merger-blame-debug-report.txt
1<?xml version="1.0" encoding="utf-8"?>
2<manifest xmlns:android="http://schemas.android.com/apk/res/android"
3    package="com.example.habits_tracker"
4    android:versionCode="1"
5    android:versionName="1.0.0" >
6
7    <uses-sdk
8        android:minSdkVersion="21"
9        android:targetSdkVersion="35" />
10    <!--
11         The INTERNET permission is required for development. Specifically,
12         the Flutter tool needs it to communicate with the running application
13         to allow setting breakpoints, to provide hot reload, etc.
14    -->
15    <uses-permission android:name="android.permission.INTERNET" />
15-->src/debug/AndroidManifest.xml:6:5-66
15-->src/debug/AndroidManifest.xml:6:22-64
16    <!--
17     Required to query activities that can process text, see:
18         https://developer.android.com/training/package-visibility and
19         https://developer.android.com/reference/android/content/Intent#ACTION_PROCESS_TEXT.
20
21         In particular, this is used by the Flutter engine in io.flutter.plugin.text.ProcessTextPlugin.
22    -->
23    <queries>
23-->src/main/AndroidManifest.xml:70:5-75:15
24        <intent>
24-->src/main/AndroidManifest.xml:71:9-74:18
25            <action android:name="android.intent.action.PROCESS_TEXT" />
25-->src/main/AndroidManifest.xml:72:13-72
25-->src/main/AndroidManifest.xml:72:21-70
26
27            <data android:mimeType="text/plain" />
27-->src/main/AndroidManifest.xml:73:13-50
27-->src/main/AndroidManifest.xml:73:19-48
28        </intent>
29        <!-- For browser content -->
30        <intent>
30-->[com.google.android.gms:play-services-ads-lite:23.6.0] AndroidManifest.xml:38:9-44:18
31            <action android:name="android.intent.action.VIEW" />
31-->[com.google.android.gms:play-services-ads-lite:23.6.0] AndroidManifest.xml:39:13-65
31-->[com.google.android.gms:play-services-ads-lite:23.6.0] AndroidManifest.xml:39:21-62
32
33            <category android:name="android.intent.category.BROWSABLE" />
33-->[com.google.android.gms:play-services-ads-lite:23.6.0] AndroidManifest.xml:41:13-74
33-->[com.google.android.gms:play-services-ads-lite:23.6.0] AndroidManifest.xml:41:23-71
34
35            <data android:scheme="https" />
35-->src/main/AndroidManifest.xml:73:13-50
36        </intent> <!-- End of browser content -->
37        <!-- For CustomTabsService -->
38        <intent>
38-->[com.google.android.gms:play-services-ads-lite:23.6.0] AndroidManifest.xml:47:9-49:18
39            <action android:name="android.support.customtabs.action.CustomTabsService" />
39-->[com.google.android.gms:play-services-ads-lite:23.6.0] AndroidManifest.xml:48:13-90
39-->[com.google.android.gms:play-services-ads-lite:23.6.0] AndroidManifest.xml:48:21-87
40        </intent> <!-- End of CustomTabsService -->
41        <!-- For MRAID capabilities -->
42        <intent>
42-->[com.google.android.gms:play-services-ads-lite:23.6.0] AndroidManifest.xml:52:9-56:18
43            <action android:name="android.intent.action.INSERT" />
43-->[com.google.android.gms:play-services-ads-lite:23.6.0] AndroidManifest.xml:53:13-67
43-->[com.google.android.gms:play-services-ads-lite:23.6.0] AndroidManifest.xml:53:21-64
44
45            <data android:mimeType="vnd.android.cursor.dir/event" />
45-->src/main/AndroidManifest.xml:73:13-50
45-->src/main/AndroidManifest.xml:73:19-48
46        </intent>
47        <intent>
47-->[com.google.android.gms:play-services-ads-lite:23.6.0] AndroidManifest.xml:57:9-61:18
48            <action android:name="android.intent.action.VIEW" />
48-->[com.google.android.gms:play-services-ads-lite:23.6.0] AndroidManifest.xml:39:13-65
48-->[com.google.android.gms:play-services-ads-lite:23.6.0] AndroidManifest.xml:39:21-62
49
50            <data android:scheme="sms" />
50-->src/main/AndroidManifest.xml:73:13-50
51        </intent>
52        <intent>
52-->[com.google.android.gms:play-services-ads-lite:23.6.0] AndroidManifest.xml:62:9-66:18
53            <action android:name="android.intent.action.DIAL" />
53-->[com.google.android.gms:play-services-ads-lite:23.6.0] AndroidManifest.xml:63:13-65
53-->[com.google.android.gms:play-services-ads-lite:23.6.0] AndroidManifest.xml:63:21-62
54
55            <data android:path="tel:" />
55-->src/main/AndroidManifest.xml:73:13-50
56        </intent>
57    </queries>
58
59    <uses-permission android:name="android.permission.ACCESS_NETWORK_STATE" />
59-->[com.google.android.gms:play-services-ads-lite:23.6.0] AndroidManifest.xml:25:5-79
59-->[com.google.android.gms:play-services-ads-lite:23.6.0] AndroidManifest.xml:25:22-76
60    <uses-permission android:name="com.google.android.gms.permission.AD_ID" />
60-->[com.google.android.gms:play-services-ads-lite:23.6.0] AndroidManifest.xml:26:5-79
60-->[com.google.android.gms:play-services-ads-lite:23.6.0] AndroidManifest.xml:26:22-76
61    <uses-permission android:name="android.permission.ACCESS_ADSERVICES_AD_ID" />
61-->[com.google.android.gms:play-services-ads-lite:23.6.0] AndroidManifest.xml:27:5-82
61-->[com.google.android.gms:play-services-ads-lite:23.6.0] AndroidManifest.xml:27:22-79
62    <uses-permission android:name="android.permission.ACCESS_ADSERVICES_ATTRIBUTION" />
62-->[com.google.android.gms:play-services-ads-lite:23.6.0] AndroidManifest.xml:28:5-88
62-->[com.google.android.gms:play-services-ads-lite:23.6.0] AndroidManifest.xml:28:22-85
63    <uses-permission android:name="android.permission.ACCESS_ADSERVICES_TOPICS" />
63-->[com.google.android.gms:play-services-ads-lite:23.6.0] AndroidManifest.xml:29:5-83
63-->[com.google.android.gms:play-services-ads-lite:23.6.0] AndroidManifest.xml:29:22-80
64    <uses-permission android:name="android.permission.WAKE_LOCK" />
64-->[com.google.android.gms:play-services-measurement-sdk-api:20.1.2] AndroidManifest.xml:25:5-68
64-->[com.google.android.gms:play-services-measurement-sdk-api:20.1.2] AndroidManifest.xml:25:22-65
65    <uses-permission android:name="android.permission.FOREGROUND_SERVICE" />
65-->[androidx.work:work-runtime:2.7.1] AndroidManifest.xml:28:5-77
65-->[androidx.work:work-runtime:2.7.1] AndroidManifest.xml:28:22-74
66
67    <permission
67-->[androidx.core:core:1.13.1] AndroidManifest.xml:22:5-24:47
68        android:name="com.example.habits_tracker.DYNAMIC_RECEIVER_NOT_EXPORTED_PERMISSION"
68-->[androidx.core:core:1.13.1] AndroidManifest.xml:23:9-81
69        android:protectionLevel="signature" />
69-->[androidx.core:core:1.13.1] AndroidManifest.xml:24:9-44
70
71    <uses-permission android:name="com.example.habits_tracker.DYNAMIC_RECEIVER_NOT_EXPORTED_PERMISSION" />
71-->[androidx.core:core:1.13.1] AndroidManifest.xml:26:5-97
71-->[androidx.core:core:1.13.1] AndroidManifest.xml:26:22-94
72
73    <application
74        android:name="android.app.Application"
75        android:appComponentFactory="androidx.core.app.CoreComponentFactory"
75-->[androidx.core:core:1.13.1] AndroidManifest.xml:28:18-86
76        android:debuggable="true"
77        android:extractNativeLibs="true"
78        android:icon="@mipmap/launcher_icon"
79        android:label="Simple Check Habits" >
80        <activity
81            android:name="com.example.habits_tracker.MainActivity"
82            android:configChanges="orientation|keyboardHidden|keyboard|screenSize|smallestScreenSize|locale|layoutDirection|fontScale|screenLayout|density|uiMode"
83            android:exported="true"
84            android:hardwareAccelerated="true"
85            android:launchMode="singleTop"
86            android:taskAffinity=""
87            android:theme="@style/LaunchTheme"
88            android:windowSoftInputMode="adjustResize" >
89
90            <!--
91                 Specifies an Android theme to apply to this Activity as soon as
92                 the Android process has started. This theme is visible to the user
93                 while the Flutter UI initializes. After that, this theme continues
94                 to determine the Window background behind the Flutter UI.
95            -->
96            <meta-data
97                android:name="io.flutter.embedding.android.NormalTheme"
98                android:resource="@style/NormalTheme" />
99
100            <intent-filter>
101                <action android:name="android.intent.action.MAIN" />
102
103                <category android:name="android.intent.category.LAUNCHER" />
104            </intent-filter>
105        </activity>
106        <!--
107             Don't delete the meta-data below.
108             This is used by the Flutter tool to generate GeneratedPluginRegistrant.java
109        -->
110        <meta-data
111            android:name="flutterEmbedding"
112            android:value="2" />
113        <meta-data
114            android:name="com.google.android.gms.ads.APPLICATION_ID"
115            android:value="ca-app-pub-6067483456795008~7626286103" />
116
117        <!-- 위젯 리시버 등록 -->
118        <receiver
119            android:name="com.example.habits_tracker.TaskWidgetProvider"
120            android:exported="true"
121            android:label="Task Widget" >
122            <intent-filter>
123                <action android:name="android.appwidget.action.APPWIDGET_UPDATE" />
124                <!-- Flutter에서 직접 브로드캐스트 보낼 때 사용할 액션 (선택사항) -->
125                <action android:name="com.example.habits_tracker.UPDATE_WIDGET" />
126            </intent-filter>
127
128            <!-- 위젯 설정 정보 연결 (task_widget_info.xml) -->
129            <meta-data
130                android:name="android.appwidget.provider"
131                android:resource="@xml/task_widget_info" />
132        </receiver>
133
134        <!-- RemoteViewsService 등록 -->
135        <service
136            android:name="com.example.habits_tracker.TaskWidgetService"
137            android:exported="false"
138            android:permission="android.permission.BIND_REMOTEVIEWS" >
139            <intent-filter>
140                <action android:name="android.widget.RemoteViewsService" />
141            </intent-filter>
142        </service>
143
144        <meta-data
144-->[:google_mobile_ads] AndroidManifest.xml:10:9-12:36
145            android:name="io.flutter.embedded_views_preview"
145-->[:google_mobile_ads] AndroidManifest.xml:11:13-61
146            android:value="true" />
146-->[:google_mobile_ads] AndroidManifest.xml:12:13-33
147
148        <activity
148-->[androidx.glance:glance-appwidget:1.0.0] AndroidManifest.xml:23:9-27:40
149            android:name="androidx.glance.appwidget.action.ActionTrampolineActivity"
149-->[androidx.glance:glance-appwidget:1.0.0] AndroidManifest.xml:24:13-85
150            android:enabled="true"
150-->[androidx.glance:glance-appwidget:1.0.0] AndroidManifest.xml:25:13-35
151            android:excludeFromRecents="true"
151-->[androidx.glance:glance-appwidget:1.0.0] AndroidManifest.xml:26:13-46
152            android:exported="false" />
152-->[androidx.glance:glance-appwidget:1.0.0] AndroidManifest.xml:27:13-37
153        <activity
153-->[androidx.glance:glance-appwidget:1.0.0] AndroidManifest.xml:28:9-35:81
154            android:name="androidx.glance.appwidget.action.InvisibleActionTrampolineActivity"
154-->[androidx.glance:glance-appwidget:1.0.0] AndroidManifest.xml:29:13-94
155            android:enabled="true"
155-->[androidx.glance:glance-appwidget:1.0.0] AndroidManifest.xml:30:13-35
156            android:exported="false"
156-->[androidx.glance:glance-appwidget:1.0.0] AndroidManifest.xml:31:13-37
157            android:launchMode="singleInstance"
157-->[androidx.glance:glance-appwidget:1.0.0] AndroidManifest.xml:32:13-48
158            android:noHistory="true"
158-->[androidx.glance:glance-appwidget:1.0.0] AndroidManifest.xml:33:13-37
159            android:taskAffinity="androidx.glance.appwidget.ListAdapterCallbackTrampoline"
159-->[androidx.glance:glance-appwidget:1.0.0] AndroidManifest.xml:34:13-91
160            android:theme="@style/Widget.Glance.AppWidget.CallbackTrampoline" />
160-->[androidx.glance:glance-appwidget:1.0.0] AndroidManifest.xml:35:13-78
161
162        <receiver
162-->[androidx.glance:glance-appwidget:1.0.0] AndroidManifest.xml:37:9-40:40
163            android:name="androidx.glance.appwidget.action.ActionCallbackBroadcastReceiver"
163-->[androidx.glance:glance-appwidget:1.0.0] AndroidManifest.xml:38:13-92
164            android:enabled="true"
164-->[androidx.glance:glance-appwidget:1.0.0] AndroidManifest.xml:39:13-35
165            android:exported="false" />
165-->[androidx.glance:glance-appwidget:1.0.0] AndroidManifest.xml:40:13-37
166        <receiver
166-->[androidx.glance:glance-appwidget:1.0.0] AndroidManifest.xml:41:9-48:20
167            android:name="androidx.glance.appwidget.MyPackageReplacedReceiver"
167-->[androidx.glance:glance-appwidget:1.0.0] AndroidManifest.xml:42:13-79
168            android:enabled="true"
168-->[androidx.glance:glance-appwidget:1.0.0] AndroidManifest.xml:43:13-35
169            android:exported="false" >
169-->[androidx.glance:glance-appwidget:1.0.0] AndroidManifest.xml:44:13-37
170            <intent-filter>
170-->[androidx.glance:glance-appwidget:1.0.0] AndroidManifest.xml:45:13-47:29
171                <action android:name="android.intent.action.MY_PACKAGE_REPLACED" />
171-->[androidx.glance:glance-appwidget:1.0.0] AndroidManifest.xml:46:17-84
171-->[androidx.glance:glance-appwidget:1.0.0] AndroidManifest.xml:46:25-81
172            </intent-filter>
173        </receiver>
174
175        <service
175-->[androidx.glance:glance-appwidget:1.0.0] AndroidManifest.xml:50:9-53:72
176            android:name="androidx.glance.appwidget.GlanceRemoteViewsService"
176-->[androidx.glance:glance-appwidget:1.0.0] AndroidManifest.xml:51:13-78
177            android:exported="true"
177-->[androidx.glance:glance-appwidget:1.0.0] AndroidManifest.xml:52:13-36
178            android:permission="android.permission.BIND_REMOTEVIEWS" /> <!-- Include the AdActivity and InAppPurchaseActivity configChanges and themes. -->
178-->[androidx.glance:glance-appwidget:1.0.0] AndroidManifest.xml:53:13-69
179        <activity
179-->[com.google.android.gms:play-services-ads-lite:23.6.0] AndroidManifest.xml:73:9-78:43
180            android:name="com.google.android.gms.ads.AdActivity"
180-->[com.google.android.gms:play-services-ads-lite:23.6.0] AndroidManifest.xml:74:13-65
181            android:configChanges="keyboard|keyboardHidden|orientation|screenLayout|uiMode|screenSize|smallestScreenSize"
181-->[com.google.android.gms:play-services-ads-lite:23.6.0] AndroidManifest.xml:75:13-122
182            android:exported="false"
182-->[com.google.android.gms:play-services-ads-lite:23.6.0] AndroidManifest.xml:76:13-37
183            android:theme="@android:style/Theme.Translucent" />
183-->[com.google.android.gms:play-services-ads-lite:23.6.0] AndroidManifest.xml:77:13-61
184
185        <provider
185-->[com.google.android.gms:play-services-ads-lite:23.6.0] AndroidManifest.xml:80:9-85:43
186            android:name="com.google.android.gms.ads.MobileAdsInitProvider"
186-->[com.google.android.gms:play-services-ads-lite:23.6.0] AndroidManifest.xml:81:13-76
187            android:authorities="com.example.habits_tracker.mobileadsinitprovider"
187-->[com.google.android.gms:play-services-ads-lite:23.6.0] AndroidManifest.xml:82:13-73
188            android:exported="false"
188-->[com.google.android.gms:play-services-ads-lite:23.6.0] AndroidManifest.xml:83:13-37
189            android:initOrder="100" />
189-->[com.google.android.gms:play-services-ads-lite:23.6.0] AndroidManifest.xml:84:13-36
190
191        <service
191-->[com.google.android.gms:play-services-ads-lite:23.6.0] AndroidManifest.xml:87:9-91:43
192            android:name="com.google.android.gms.ads.AdService"
192-->[com.google.android.gms:play-services-ads-lite:23.6.0] AndroidManifest.xml:88:13-64
193            android:enabled="true"
193-->[com.google.android.gms:play-services-ads-lite:23.6.0] AndroidManifest.xml:89:13-35
194            android:exported="false" />
194-->[com.google.android.gms:play-services-ads-lite:23.6.0] AndroidManifest.xml:90:13-37
195
196        <activity
196-->[com.google.android.gms:play-services-ads-lite:23.6.0] AndroidManifest.xml:93:9-97:43
197            android:name="com.google.android.gms.ads.OutOfContextTestingActivity"
197-->[com.google.android.gms:play-services-ads-lite:23.6.0] AndroidManifest.xml:94:13-82
198            android:configChanges="keyboard|keyboardHidden|orientation|screenLayout|uiMode|screenSize|smallestScreenSize"
198-->[com.google.android.gms:play-services-ads-lite:23.6.0] AndroidManifest.xml:95:13-122
199            android:exported="false" />
199-->[com.google.android.gms:play-services-ads-lite:23.6.0] AndroidManifest.xml:96:13-37
200        <activity
200-->[com.google.android.gms:play-services-ads-lite:23.6.0] AndroidManifest.xml:98:9-105:43
201            android:name="com.google.android.gms.ads.NotificationHandlerActivity"
201-->[com.google.android.gms:play-services-ads-lite:23.6.0] AndroidManifest.xml:99:13-82
202            android:excludeFromRecents="true"
202-->[com.google.android.gms:play-services-ads-lite:23.6.0] AndroidManifest.xml:100:13-46
203            android:exported="false"
203-->[com.google.android.gms:play-services-ads-lite:23.6.0] AndroidManifest.xml:101:13-37
204            android:launchMode="singleTask"
204-->[com.google.android.gms:play-services-ads-lite:23.6.0] AndroidManifest.xml:102:13-44
205            android:taskAffinity=""
205-->[com.google.android.gms:play-services-ads-lite:23.6.0] AndroidManifest.xml:103:13-36
206            android:theme="@android:style/Theme.Translucent.NoTitleBar" />
206-->[com.google.android.gms:play-services-ads-lite:23.6.0] AndroidManifest.xml:104:13-72
207
208        <property
208-->[com.google.android.gms:play-services-ads-lite:23.6.0] AndroidManifest.xml:107:9-109:62
209            android:name="android.adservices.AD_SERVICES_CONFIG"
209-->[com.google.android.gms:play-services-ads-lite:23.6.0] AndroidManifest.xml:108:13-65
210            android:resource="@xml/gma_ad_services_config" />
210-->[com.google.android.gms:play-services-ads-lite:23.6.0] AndroidManifest.xml:109:13-59
211
212        <activity
212-->[com.google.android.gms:play-services-base:18.0.0] AndroidManifest.xml:20:9-22:45
213            android:name="com.google.android.gms.common.api.GoogleApiActivity"
213-->[com.google.android.gms:play-services-base:18.0.0] AndroidManifest.xml:20:19-85
214            android:exported="false"
214-->[com.google.android.gms:play-services-base:18.0.0] AndroidManifest.xml:22:19-43
215            android:theme="@android:style/Theme.Translucent.NoTitleBar" />
215-->[com.google.android.gms:play-services-base:18.0.0] AndroidManifest.xml:21:19-78
216
217        <meta-data
217-->[com.google.android.gms:play-services-basement:18.4.0] AndroidManifest.xml:6:9-122
218            android:name="com.google.android.gms.version"
218-->[com.google.android.gms:play-services-basement:18.4.0] AndroidManifest.xml:6:20-65
219            android:value="@integer/google_play_services_version" />
219-->[com.google.android.gms:play-services-basement:18.4.0] AndroidManifest.xml:6:66-119
220
221        <uses-library
221-->[androidx.window:window:1.2.0] AndroidManifest.xml:23:9-25:40
222            android:name="androidx.window.extensions"
222-->[androidx.window:window:1.2.0] AndroidManifest.xml:24:13-54
223            android:required="false" />
223-->[androidx.window:window:1.2.0] AndroidManifest.xml:25:13-37
224        <uses-library
224-->[androidx.window:window:1.2.0] AndroidManifest.xml:26:9-28:40
225            android:name="androidx.window.sidecar"
225-->[androidx.window:window:1.2.0] AndroidManifest.xml:27:13-51
226            android:required="false" />
226-->[androidx.window:window:1.2.0] AndroidManifest.xml:28:13-37
227
228        <service
228-->[androidx.core:core-remoteviews:1.0.0] AndroidManifest.xml:24:9-27:63
229            android:name="androidx.core.widget.RemoteViewsCompatService"
229-->[androidx.core:core-remoteviews:1.0.0] AndroidManifest.xml:25:13-73
230            android:permission="android.permission.BIND_REMOTEVIEWS" />
230-->[androidx.core:core-remoteviews:1.0.0] AndroidManifest.xml:26:13-69
231
232        <uses-library
232-->[androidx.privacysandbox.ads:ads-adservices:1.0.0-beta05] AndroidManifest.xml:23:9-25:40
233            android:name="android.ext.adservices"
233-->[androidx.privacysandbox.ads:ads-adservices:1.0.0-beta05] AndroidManifest.xml:24:13-50
234            android:required="false" />
234-->[androidx.privacysandbox.ads:ads-adservices:1.0.0-beta05] AndroidManifest.xml:25:13-37
235
236        <provider
236-->[androidx.work:work-runtime:2.7.1] AndroidManifest.xml:31:9-39:20
237            android:name="androidx.startup.InitializationProvider"
237-->[androidx.work:work-runtime:2.7.1] AndroidManifest.xml:32:13-67
238            android:authorities="com.example.habits_tracker.androidx-startup"
238-->[androidx.work:work-runtime:2.7.1] AndroidManifest.xml:33:13-68
239            android:exported="false" >
239-->[androidx.work:work-runtime:2.7.1] AndroidManifest.xml:34:13-37
240            <meta-data
240-->[androidx.work:work-runtime:2.7.1] AndroidManifest.xml:36:13-38:52
241                android:name="androidx.work.WorkManagerInitializer"
241-->[androidx.work:work-runtime:2.7.1] AndroidManifest.xml:37:17-68
242                android:value="androidx.startup" />
242-->[androidx.work:work-runtime:2.7.1] AndroidManifest.xml:38:17-49
243            <meta-data
243-->[androidx.lifecycle:lifecycle-process:2.7.0] AndroidManifest.xml:29:13-31:52
244                android:name="androidx.lifecycle.ProcessLifecycleInitializer"
244-->[androidx.lifecycle:lifecycle-process:2.7.0] AndroidManifest.xml:30:17-78
245                android:value="androidx.startup" />
245-->[androidx.lifecycle:lifecycle-process:2.7.0] AndroidManifest.xml:31:17-49
246            <meta-data
246-->[androidx.profileinstaller:profileinstaller:1.3.1] AndroidManifest.xml:29:13-31:52
247                android:name="androidx.profileinstaller.ProfileInstallerInitializer"
247-->[androidx.profileinstaller:profileinstaller:1.3.1] AndroidManifest.xml:30:17-85
248                android:value="androidx.startup" />
248-->[androidx.profileinstaller:profileinstaller:1.3.1] AndroidManifest.xml:31:17-49
249        </provider>
250
251        <service
251-->[androidx.work:work-runtime:2.7.1] AndroidManifest.xml:41:9-46:35
252            android:name="androidx.work.impl.background.systemalarm.SystemAlarmService"
252-->[androidx.work:work-runtime:2.7.1] AndroidManifest.xml:42:13-88
253            android:directBootAware="false"
253-->[androidx.work:work-runtime:2.7.1] AndroidManifest.xml:43:13-44
254            android:enabled="@bool/enable_system_alarm_service_default"
254-->[androidx.work:work-runtime:2.7.1] AndroidManifest.xml:44:13-72
255            android:exported="false" />
255-->[androidx.work:work-runtime:2.7.1] AndroidManifest.xml:45:13-37
256        <service
256-->[androidx.work:work-runtime:2.7.1] AndroidManifest.xml:47:9-53:35
257            android:name="androidx.work.impl.background.systemjob.SystemJobService"
257-->[androidx.work:work-runtime:2.7.1] AndroidManifest.xml:48:13-84
258            android:directBootAware="false"
258-->[androidx.work:work-runtime:2.7.1] AndroidManifest.xml:49:13-44
259            android:enabled="@bool/enable_system_job_service_default"
259-->[androidx.work:work-runtime:2.7.1] AndroidManifest.xml:50:13-70
260            android:exported="true"
260-->[androidx.work:work-runtime:2.7.1] AndroidManifest.xml:51:13-36
261            android:permission="android.permission.BIND_JOB_SERVICE" />
261-->[androidx.work:work-runtime:2.7.1] AndroidManifest.xml:52:13-69
262        <service
262-->[androidx.work:work-runtime:2.7.1] AndroidManifest.xml:54:9-59:35
263            android:name="androidx.work.impl.foreground.SystemForegroundService"
263-->[androidx.work:work-runtime:2.7.1] AndroidManifest.xml:55:13-81
264            android:directBootAware="false"
264-->[androidx.work:work-runtime:2.7.1] AndroidManifest.xml:56:13-44
265            android:enabled="@bool/enable_system_foreground_service_default"
265-->[androidx.work:work-runtime:2.7.1] AndroidManifest.xml:57:13-77
266            android:exported="false" />
266-->[androidx.work:work-runtime:2.7.1] AndroidManifest.xml:58:13-37
267
268        <receiver
268-->[androidx.work:work-runtime:2.7.1] AndroidManifest.xml:61:9-66:35
269            android:name="androidx.work.impl.utils.ForceStopRunnable$BroadcastReceiver"
269-->[androidx.work:work-runtime:2.7.1] AndroidManifest.xml:62:13-88
270            android:directBootAware="false"
270-->[androidx.work:work-runtime:2.7.1] AndroidManifest.xml:63:13-44
271            android:enabled="true"
271-->[androidx.work:work-runtime:2.7.1] AndroidManifest.xml:64:13-35
272            android:exported="false" />
272-->[androidx.work:work-runtime:2.7.1] AndroidManifest.xml:65:13-37
273        <receiver
273-->[androidx.work:work-runtime:2.7.1] AndroidManifest.xml:67:9-77:20
274            android:name="androidx.work.impl.background.systemalarm.ConstraintProxy$BatteryChargingProxy"
274-->[androidx.work:work-runtime:2.7.1] AndroidManifest.xml:68:13-106
275            android:directBootAware="false"
275-->[androidx.work:work-runtime:2.7.1] AndroidManifest.xml:69:13-44
276            android:enabled="false"
276-->[androidx.work:work-runtime:2.7.1] AndroidManifest.xml:70:13-36
277            android:exported="false" >
277-->[androidx.work:work-runtime:2.7.1] AndroidManifest.xml:71:13-37
278            <intent-filter>
278-->[androidx.work:work-runtime:2.7.1] AndroidManifest.xml:73:13-76:29
279                <action android:name="android.intent.action.ACTION_POWER_CONNECTED" />
279-->[androidx.work:work-runtime:2.7.1] AndroidManifest.xml:74:17-87
279-->[androidx.work:work-runtime:2.7.1] AndroidManifest.xml:74:25-84
280                <action android:name="android.intent.action.ACTION_POWER_DISCONNECTED" />
280-->[androidx.work:work-runtime:2.7.1] AndroidManifest.xml:75:17-90
280-->[androidx.work:work-runtime:2.7.1] AndroidManifest.xml:75:25-87
281            </intent-filter>
282        </receiver>
283        <receiver
283-->[androidx.work:work-runtime:2.7.1] AndroidManifest.xml:78:9-88:20
284            android:name="androidx.work.impl.background.systemalarm.ConstraintProxy$BatteryNotLowProxy"
284-->[androidx.work:work-runtime:2.7.1] AndroidManifest.xml:79:13-104
285            android:directBootAware="false"
285-->[androidx.work:work-runtime:2.7.1] AndroidManifest.xml:80:13-44
286            android:enabled="false"
286-->[androidx.work:work-runtime:2.7.1] AndroidManifest.xml:81:13-36
287            android:exported="false" >
287-->[androidx.work:work-runtime:2.7.1] AndroidManifest.xml:82:13-37
288            <intent-filter>
288-->[androidx.work:work-runtime:2.7.1] AndroidManifest.xml:84:13-87:29
289                <action android:name="android.intent.action.BATTERY_OKAY" />
289-->[androidx.work:work-runtime:2.7.1] AndroidManifest.xml:85:17-77
289-->[androidx.work:work-runtime:2.7.1] AndroidManifest.xml:85:25-74
290                <action android:name="android.intent.action.BATTERY_LOW" />
290-->[androidx.work:work-runtime:2.7.1] AndroidManifest.xml:86:17-76
290-->[androidx.work:work-runtime:2.7.1] AndroidManifest.xml:86:25-73
291            </intent-filter>
292        </receiver>
293        <receiver
293-->[androidx.work:work-runtime:2.7.1] AndroidManifest.xml:89:9-99:20
294            android:name="androidx.work.impl.background.systemalarm.ConstraintProxy$StorageNotLowProxy"
294-->[androidx.work:work-runtime:2.7.1] AndroidManifest.xml:90:13-104
295            android:directBootAware="false"
295-->[androidx.work:work-runtime:2.7.1] AndroidManifest.xml:91:13-44
296            android:enabled="false"
296-->[androidx.work:work-runtime:2.7.1] AndroidManifest.xml:92:13-36
297            android:exported="false" >
297-->[androidx.work:work-runtime:2.7.1] AndroidManifest.xml:93:13-37
298            <intent-filter>
298-->[androidx.work:work-runtime:2.7.1] AndroidManifest.xml:95:13-98:29
299                <action android:name="android.intent.action.DEVICE_STORAGE_LOW" />
299-->[androidx.work:work-runtime:2.7.1] AndroidManifest.xml:96:17-83
299-->[androidx.work:work-runtime:2.7.1] AndroidManifest.xml:96:25-80
300                <action android:name="android.intent.action.DEVICE_STORAGE_OK" />
300-->[androidx.work:work-runtime:2.7.1] AndroidManifest.xml:97:17-82
300-->[androidx.work:work-runtime:2.7.1] AndroidManifest.xml:97:25-79
301            </intent-filter>
302        </receiver>
303        <receiver
303-->[androidx.work:work-runtime:2.7.1] AndroidManifest.xml:100:9-109:20
304            android:name="androidx.work.impl.background.systemalarm.ConstraintProxy$NetworkStateProxy"
304-->[androidx.work:work-runtime:2.7.1] AndroidManifest.xml:101:13-103
305            android:directBootAware="false"
305-->[androidx.work:work-runtime:2.7.1] AndroidManifest.xml:102:13-44
306            android:enabled="false"
306-->[androidx.work:work-runtime:2.7.1] AndroidManifest.xml:103:13-36
307            android:exported="false" >
307-->[androidx.work:work-runtime:2.7.1] AndroidManifest.xml:104:13-37
308            <intent-filter>
308-->[androidx.work:work-runtime:2.7.1] AndroidManifest.xml:106:13-108:29
309                <action android:name="android.net.conn.CONNECTIVITY_CHANGE" />
309-->[androidx.work:work-runtime:2.7.1] AndroidManifest.xml:107:17-79
309-->[androidx.work:work-runtime:2.7.1] AndroidManifest.xml:107:25-76
310            </intent-filter>
311        </receiver>
312        <receiver
312-->[androidx.work:work-runtime:2.7.1] AndroidManifest.xml:110:9-121:20
313            android:name="androidx.work.impl.background.systemalarm.RescheduleReceiver"
313-->[androidx.work:work-runtime:2.7.1] AndroidManifest.xml:111:13-88
314            android:directBootAware="false"
314-->[androidx.work:work-runtime:2.7.1] AndroidManifest.xml:112:13-44
315            android:enabled="false"